Still waiting for thread Thread-13 to complete. Workload status: true
Still waiting for thread Thread-13 to complete. Workload status: true
Still waiting for thread Thread-13 to complete. Workload status: true
[OVERALL], RunTime(ms), 108330
[OVERALL], Throughput(ops/sec), 3.452413920428321
[TOTAL_GCS_G1_Young_Generation], Count, 6
[TOTAL_GC_TIME_G1_Young_Generation], Time(ms), 44
[TOTAL_GC_TIME_%_G1_Young_Generation], Time(%), 0.04061663435798025
[TOTAL_GCS_G1_Old_Generation], Count, 0
[TOTAL_GC_TIME_G1_Old_Generation], Time(ms), 0
[TOTAL_GC_TIME_%_G1_Old_Generation], Time(%), 0.0
[TOTAL_GCs], Count, 6
[TOTAL_GC_TIME], Time(ms), 44
[TOTAL_GC_TIME_%], Time(%), 0.04061663435798025
[READ], Operations, 225
[READ], AverageLatency(us), 7303634.6311111115
[READ], MinLatency(us), 89600
[READ], MaxLatency(us), 31064063
[READ], 50thPercentileLatency(us), 6066175
[READ], 90thPercentileLatency(us), 13819903
[READ], 95thPercentileLatency(us), 15359999
[READ], 99thPercentileLatency(us), 25427967
[READ], Return=OK, 225
[CLEANUP], Operations, 20
[CLEANUP], AverageLatency(us), 0.75
[CLEANUP], MinLatency(us), 0
[CLEANUP], MaxLatency(us), 4
[CLEANUP], 50thPercentileLatency(us), 1
[CLEANUP], 90thPercentileLatency(us), 1
[CLEANUP], 95thPercentileLatency(us), 1
[CLEANUP], 99thPercentileLatency(us), 4
[INSERT], Operations, 72
[INSERT], AverageLatency(us), 2878720.888888889
[INSERT], MinLatency(us), 132224
[INSERT], MaxLatency(us), 8396799
[INSERT], 50thPercentileLatency(us), 2787327
[INSERT], 90thPercentileLatency(us), 4722687
[INSERT], 95thPercentileLatency(us), 5529599
[INSERT], 99thPercentileLatency(us), 6418431
[INSERT], Return=OK, 72
[UPDATE], Operations, 77
[UPDATE], AverageLatency(us), 2912754.701298701
[UPDATE], MinLatency(us), 160640
[UPDATE], MaxLatency(us), 8384511
[UPDATE], 50thPercentileLatency(us), 2693119
[UPDATE], 90thPercentileLatency(us), 4886527
[UPDATE], 95thPercentileLatency(us), 5095423
[UPDATE], 99thPercentileLatency(us), 5300223
[UPDATE], Return=OK, 77
