Still waiting for thread Thread-13 to complete. Workload status: true
Still waiting for thread Thread-9 to complete. Workload status: true
[OVERALL], RunTime(ms), 106100
[OVERALL], Throughput(ops/sec), 3.3270499528746464
[TOTAL_GCS_G1_Young_Generation], Count, 5
[TOTAL_GC_TIME_G1_Young_Generation], Time(ms), 35
[TOTAL_GC_TIME_%_G1_Young_Generation], Time(%), 0.03298774740810556
[TOTAL_GCS_G1_Old_Generation], Count, 0
[TOTAL_GC_TIME_G1_Old_Generation], Time(ms), 0
[TOTAL_GC_TIME_%_G1_Old_Generation], Time(%), 0.0
[TOTAL_GCs], Count, 5
[TOTAL_GC_TIME], Time(ms), 35
[TOTAL_GC_TIME_%], Time(%), 0.03298774740810556
[READ], Operations, 218
[READ], AverageLatency(us), 7450631.192660551
[READ], MinLatency(us), 126656
[READ], MaxLatency(us), 28131327
[READ], 50thPercentileLatency(us), 6213631
[READ], 90thPercentileLatency(us), 13713407
[READ], 95thPercentileLatency(us), 20316159
[READ], 99thPercentileLatency(us), 24592383
[READ], Return=OK, 218
[CLEANUP], Operations, 20
[CLEANUP], AverageLatency(us), 0.9
[CLEANUP], MinLatency(us), 0
[CLEANUP], MaxLatency(us), 2
[CLEANUP], 50thPercentileLatency(us), 1
[CLEANUP], 90thPercentileLatency(us), 1
[CLEANUP], 95thPercentileLatency(us), 1
[CLEANUP], 99thPercentileLatency(us), 2
[UPDATE], Operations, 78
[UPDATE], AverageLatency(us), 3236049.641025641
[UPDATE], MinLatency(us), 127680
[UPDATE], MaxLatency(us), 7094271
[UPDATE], 50thPercentileLatency(us), 3112959
[UPDATE], 90thPercentileLatency(us), 5074943
[UPDATE], 95thPercentileLatency(us), 5259263
[UPDATE], 99thPercentileLatency(us), 7077887
[UPDATE], Return=OK, 78
[INSERT], Operations, 57
[INSERT], AverageLatency(us), 3074433.6842105263
[INSERT], MinLatency(us), 130496
[INSERT], MaxLatency(us), 6926335
[INSERT], 50thPercentileLatency(us), 3450879
[INSERT], 90thPercentileLatency(us), 5001215
[INSERT], 95thPercentileLatency(us), 5476351
[INSERT], 99thPercentileLatency(us), 6037503
[INSERT], Return=OK, 57
