Still waiting for thread Thread-6 to complete. Workload status: true
[OVERALL], RunTime(ms), 106364
[OVERALL], Throughput(ops/sec), 3.6478507765785415
[TOTAL_GCS_G1_Young_Generation], Count, 5
[TOTAL_GC_TIME_G1_Young_Generation], Time(ms), 30
[TOTAL_GC_TIME_%_G1_Young_Generation], Time(%), 0.028205031777669136
[TOTAL_GCS_G1_Old_Generation], Count, 0
[TOTAL_GC_TIME_G1_Old_Generation], Time(ms), 0
[TOTAL_GC_TIME_%_G1_Old_Generation], Time(%), 0.0
[TOTAL_GCs], Count, 5
[TOTAL_GC_TIME], Time(ms), 30
[TOTAL_GC_TIME_%], Time(%), 0.028205031777669136
[READ], Operations, 223
[READ], AverageLatency(us), 7157637.381165919
[READ], MinLatency(us), 46016
[READ], MaxLatency(us), 29507583
[READ], 50thPercentileLatency(us), 6537215
[READ], 90thPercentileLatency(us), 13205503
[READ], 95thPercentileLatency(us), 14163967
[READ], 99thPercentileLatency(us), 23953407
[READ], Return=OK, 223
[CLEANUP], Operations, 20
[CLEANUP], AverageLatency(us), 0.55
[CLEANUP], MinLatency(us), 0
[CLEANUP], MaxLatency(us), 4
[CLEANUP], 50thPercentileLatency(us), 0
[CLEANUP], 90thPercentileLatency(us), 1
[CLEANUP], 95thPercentileLatency(us), 1
[CLEANUP], 99thPercentileLatency(us), 4
[UPDATE], Operations, 87
[UPDATE], AverageLatency(us), 2679671.356321839
[UPDATE], MinLatency(us), 49728
[UPDATE], MaxLatency(us), 5468159
[UPDATE], 50thPercentileLatency(us), 2832383
[UPDATE], 90thPercentileLatency(us), 4734975
[UPDATE], 95thPercentileLatency(us), 5029887
[UPDATE], 99thPercentileLatency(us), 5410815
[UPDATE], Return=OK, 87
[INSERT], Operations, 78
[INSERT], AverageLatency(us), 2817405.128205128
[INSERT], MinLatency(us), 44800
[INSERT], MaxLatency(us), 7974911
[INSERT], 50thPercentileLatency(us), 2883583
[INSERT], 90thPercentileLatency(us), 4677631
[INSERT], 95thPercentileLatency(us), 5259263
[INSERT], 99thPercentileLatency(us), 6422527
[INSERT], Return=OK, 78
