Still waiting for thread Thread-13 to complete. Workload status: true
Still waiting for thread Thread-13 to complete. Workload status: true
Still waiting for thread Thread-13 to complete. Workload status: true
Still waiting for thread Thread-16 to complete. Workload status: true
[OVERALL], RunTime(ms), 109356
[OVERALL], Throughput(ops/sec), 2.304400307253374
[TOTAL_GCS_G1_Young_Generation], Count, 5
[TOTAL_GC_TIME_G1_Young_Generation], Time(ms), 38
[TOTAL_GC_TIME_%_G1_Young_Generation], Time(%), 0.03474889352207469
[TOTAL_GCS_G1_Old_Generation], Count, 0
[TOTAL_GC_TIME_G1_Old_Generation], Time(ms), 0
[TOTAL_GC_TIME_%_G1_Old_Generation], Time(%), 0.0
[TOTAL_GCs], Count, 5
[TOTAL_GC_TIME], Time(ms), 38
[TOTAL_GC_TIME_%], Time(%), 0.03474889352207469
[READ], Operations, 252
[READ], AverageLatency(us), 8335536.761904762
[READ], MinLatency(us), 101632
[READ], MaxLatency(us), 31981567
[READ], 50thPercentileLatency(us), 7163903
[READ], 90thPercentileLatency(us), 15040511
[READ], 95thPercentileLatency(us), 17547263
[READ], 99thPercentileLatency(us), 23248895
[READ], Return=OK, 252
[CLEANUP], Operations, 20
[CLEANUP], AverageLatency(us), 0.9
[CLEANUP], MinLatency(us), 0
[CLEANUP], MaxLatency(us), 2
[CLEANUP], 50thPercentileLatency(us), 1
[CLEANUP], 90thPercentileLatency(us), 1
[CLEANUP], 95thPercentileLatency(us), 1
[CLEANUP], 99thPercentileLatency(us), 2
