Still waiting for thread Thread-16 to complete. Workload status: true
Still waiting for thread Thread-16 to complete. Workload status: true
[OVERALL], RunTime(ms), 109338
[OVERALL], Throughput(ops/sec), 2.3505094294755713
[TOTAL_GCS_G1_Young_Generation], Count, 5
[TOTAL_GC_TIME_G1_Young_Generation], Time(ms), 29
[TOTAL_GC_TIME_%_G1_Young_Generation], Time(%), 0.026523258153615392
[TOTAL_GCS_G1_Old_Generation], Count, 0
[TOTAL_GC_TIME_G1_Old_Generation], Time(ms), 0
[TOTAL_GC_TIME_%_G1_Old_Generation], Time(%), 0.0
[TOTAL_GCs], Count, 5
[TOTAL_GC_TIME], Time(ms), 29
[TOTAL_GC_TIME_%], Time(%), 0.026523258153615392
[READ], Operations, 257
[READ], AverageLatency(us), 8057320.591439689
[READ], MinLatency(us), 73152
[READ], MaxLatency(us), 29474815
[READ], 50thPercentileLatency(us), 7569407
[READ], 90thPercentileLatency(us), 14434303
[READ], 95thPercentileLatency(us), 16572415
[READ], 99thPercentileLatency(us), 20889599
[READ], Return=OK, 257
[CLEANUP], Operations, 20
[CLEANUP], AverageLatency(us), 0.9
[CLEANUP], MinLatency(us), 0
[CLEANUP], MaxLatency(us), 4
[CLEANUP], 50thPercentileLatency(us), 1
[CLEANUP], 90thPercentileLatency(us), 1
[CLEANUP], 95thPercentileLatency(us), 1
[CLEANUP], 99thPercentileLatency(us), 4
