[OVERALL], RunTime(ms), 100047
[OVERALL], Throughput(ops/sec), 1674.3730446690056
[TOTAL_GCS_G1_Young_Generation], Count, 146
[TOTAL_GC_TIME_G1_Young_Generation], Time(ms), 446
[TOTAL_GC_TIME_%_G1_Young_Generation], Time(%), 0.4457904784751167
[TOTAL_GCS_G1_Old_Generation], Count, 0
[TOTAL_GC_TIME_G1_Old_Generation], Time(ms), 0
[TOTAL_GC_TIME_%_G1_Old_Generation], Time(%), 0.0
[TOTAL_GCs], Count, 146
[TOTAL_GC_TIME], Time(ms), 446
[TOTAL_GC_TIME_%], Time(%), 0.4457904784751167
[READ], Operations, 167516
[READ], AverageLatency(us), 11883.377462451348
[READ], MinLatency(us), 1987
[READ], MaxLatency(us), 93567
[READ], 50thPercentileLatency(us), 10767
[READ], 90thPercentileLatency(us), 17727
[READ], 95thPercentileLatency(us), 21935
[READ], 99thPercentileLatency(us), 32335
[READ], Return=OK, 167516
[CLEANUP], Operations, 20
[CLEANUP], AverageLatency(us), 1.5
[CLEANUP], MinLatency(us), 0
[CLEANUP], MaxLatency(us), 18
[CLEANUP], 50thPercentileLatency(us), 1
[CLEANUP], 90thPercentileLatency(us), 1
[CLEANUP], 95thPercentileLatency(us), 1
[CLEANUP], 99thPercentileLatency(us), 18
