[OVERALL], RunTime(ms), 100051
[OVERALL], Throughput(ops/sec), 1666.26020729428
[TOTAL_GCS_G1_Young_Generation], Count, 152
[TOTAL_GC_TIME_G1_Young_Generation], Time(ms), 457
[TOTAL_GC_TIME_%_G1_Young_Generation], Time(%), 0.4567670488051094
[TOTAL_GCS_G1_Old_Generation], Count, 0
[TOTAL_GC_TIME_G1_Old_Generation], Time(ms), 0
[TOTAL_GC_TIME_%_G1_Old_Generation], Time(%), 0.0
[TOTAL_GCs], Count, 152
[TOTAL_GC_TIME], Time(ms), 457
[TOTAL_GC_TIME_%], Time(%), 0.4567670488051094
[READ], Operations, 166711
[READ], AverageLatency(us), 11945.22624781808
[READ], MinLatency(us), 2152
[READ], MaxLatency(us), 113791
[READ], 50thPercentileLatency(us), 10751
[READ], 90thPercentileLatency(us), 17999
[READ], 95thPercentileLatency(us), 22431
[READ], 99thPercentileLatency(us), 32799
[READ], Return=OK, 166711
[CLEANUP], Operations, 20
[CLEANUP], AverageLatency(us), 1.15
[CLEANUP], MinLatency(us), 0
[CLEANUP], MaxLatency(us), 7
[CLEANUP], 50thPercentileLatency(us), 1
[CLEANUP], 90thPercentileLatency(us), 1
[CLEANUP], 95thPercentileLatency(us), 6
[CLEANUP], 99thPercentileLatency(us), 7
