[OVERALL], RunTime(ms), 100066
[OVERALL], Throughput(ops/sec), 1634.071512801551
[TOTAL_GCS_G1_Young_Generation], Count, 175
[TOTAL_GC_TIME_G1_Young_Generation], Time(ms), 419
[TOTAL_GC_TIME_%_G1_Young_Generation], Time(%), 0.4187236423960186
[TOTAL_GCS_G1_Old_Generation], Count, 0
[TOTAL_GC_TIME_G1_Old_Generation], Time(ms), 0
[TOTAL_GC_TIME_%_G1_Old_Generation], Time(%), 0.0
[TOTAL_GCs], Count, 175
[TOTAL_GC_TIME], Time(ms), 419
[TOTAL_GC_TIME_%], Time(%), 0.4187236423960186
[READ], Operations, 163515
[READ], AverageLatency(us), 12178.825428859738
[READ], MinLatency(us), 2076
[READ], MaxLatency(us), 129791
[READ], 50thPercentileLatency(us), 10935
[READ], 90thPercentileLatency(us), 18559
[READ], 95thPercentileLatency(us), 23183
[READ], 99thPercentileLatency(us), 33663
[READ], Return=OK, 163515
[CLEANUP], Operations, 20
[CLEANUP], AverageLatency(us), 1.15
[CLEANUP], MinLatency(us), 0
[CLEANUP], MaxLatency(us), 10
[CLEANUP], 50thPercentileLatency(us), 1
[CLEANUP], 90thPercentileLatency(us), 1
[CLEANUP], 95thPercentileLatency(us), 1
[CLEANUP], 99thPercentileLatency(us), 10
