[OVERALL], RunTime(ms), 100091
[OVERALL], Throughput(ops/sec), 626.4599214714609
[TOTAL_GCS_G1_Young_Generation], Count, 62
[TOTAL_GC_TIME_G1_Young_Generation], Time(ms), 284
[TOTAL_GC_TIME_%_G1_Young_Generation], Time(%), 0.2837417949665804
[TOTAL_GCS_G1_Old_Generation], Count, 0
[TOTAL_GC_TIME_G1_Old_Generation], Time(ms), 0
[TOTAL_GC_TIME_%_G1_Old_Generation], Time(%), 0.0
[TOTAL_GCs], Count, 62
[TOTAL_GC_TIME], Time(ms), 284
[TOTAL_GC_TIME_%], Time(%), 0.2837417949665804
[READ], Operations, 43839
[READ], AverageLatency(us), 32001.259700266884
[READ], MinLatency(us), 1225
[READ], MaxLatency(us), 174207
[READ], 50thPercentileLatency(us), 30863
[READ], 90thPercentileLatency(us), 55103
[READ], 95thPercentileLatency(us), 65599
[READ], 99thPercentileLatency(us), 92799
[READ], Return=OK, 43839
[CLEANUP], Operations, 20
[CLEANUP], AverageLatency(us), 0.8
[CLEANUP], MinLatency(us), 0
[CLEANUP], MaxLatency(us), 5
[CLEANUP], 50thPercentileLatency(us), 1
[CLEANUP], 90thPercentileLatency(us), 1
[CLEANUP], 95thPercentileLatency(us), 2
[CLEANUP], 99thPercentileLatency(us), 5
[INSERT], Operations, 12516
[INSERT], AverageLatency(us), 31225.790747842762
[INSERT], MinLatency(us), 2208
[INSERT], MaxLatency(us), 177279
[INSERT], 50thPercentileLatency(us), 28863
[INSERT], 90thPercentileLatency(us), 57695
[INSERT], 95thPercentileLatency(us), 70463
[INSERT], 99thPercentileLatency(us), 100543
[INSERT], Return=OK, 12516
[UPDATE], Operations, 6348
[UPDATE], AverageLatency(us), 31260.627914303717
[UPDATE], MinLatency(us), 2106
[UPDATE], MaxLatency(us), 157311
[UPDATE], 50thPercentileLatency(us), 29135
[UPDATE], 90thPercentileLatency(us), 57663
[UPDATE], 95thPercentileLatency(us), 69823
[UPDATE], 99thPercentileLatency(us), 100479
[UPDATE], Return=OK, 6348
