[OVERALL], RunTime(ms), 100069
[OVERALL], Throughput(ops/sec), 628.1265926510707
[TOTAL_GCS_G1_Young_Generation], Count, 79
[TOTAL_GC_TIME_G1_Young_Generation], Time(ms), 196
[TOTAL_GC_TIME_%_G1_Young_Generation], Time(%), 0.19586485325125666
[TOTAL_GCS_G1_Old_Generation], Count, 0
[TOTAL_GC_TIME_G1_Old_Generation], Time(ms), 0
[TOTAL_GC_TIME_%_G1_Old_Generation], Time(%), 0.0
[TOTAL_GCs], Count, 79
[TOTAL_GC_TIME], Time(ms), 196
[TOTAL_GC_TIME_%], Time(%), 0.19586485325125666
[READ], Operations, 44028
[READ], AverageLatency(us), 32199.618424638866
[READ], MinLatency(us), 1234
[READ], MaxLatency(us), 223103
[READ], 50thPercentileLatency(us), 31023
[READ], 90thPercentileLatency(us), 55551
[READ], 95thPercentileLatency(us), 65855
[READ], 99thPercentileLatency(us), 93375
[READ], Return=OK, 44028
[CLEANUP], Operations, 20
[CLEANUP], AverageLatency(us), 0.75
[CLEANUP], MinLatency(us), 0
[CLEANUP], MaxLatency(us), 4
[CLEANUP], 50thPercentileLatency(us), 1
[CLEANUP], 90thPercentileLatency(us), 1
[CLEANUP], 95thPercentileLatency(us), 1
[CLEANUP], 99thPercentileLatency(us), 4
[INSERT], Operations, 12524
[INSERT], AverageLatency(us), 30459.002076014054
[INSERT], MinLatency(us), 2218
[INSERT], MaxLatency(us), 235135
[INSERT], 50thPercentileLatency(us), 28495
[INSERT], 90thPercentileLatency(us), 56191
[INSERT], 95thPercentileLatency(us), 69183
[INSERT], 99thPercentileLatency(us), 96511
[INSERT], Return=OK, 12524
[UPDATE], Operations, 6304
[UPDATE], AverageLatency(us), 30607.293623096448
[UPDATE], MinLatency(us), 2134
[UPDATE], MaxLatency(us), 176767
[UPDATE], 50thPercentileLatency(us), 28623
[UPDATE], 90thPercentileLatency(us), 56447
[UPDATE], 95thPercentileLatency(us), 70079
[UPDATE], 99thPercentileLatency(us), 98943
[UPDATE], Return=OK, 6304
