[OVERALL], RunTime(ms), 100073
[OVERALL], Throughput(ops/sec), 668.7418184725151
[TOTAL_GCS_G1_Young_Generation], Count, 69
[TOTAL_GC_TIME_G1_Young_Generation], Time(ms), 293
[TOTAL_GC_TIME_%_G1_Young_Generation], Time(%), 0.29278626602580116
[TOTAL_GCS_G1_Old_Generation], Count, 0
[TOTAL_GC_TIME_G1_Old_Generation], Time(ms), 0
[TOTAL_GC_TIME_%_G1_Old_Generation], Time(%), 0.0
[TOTAL_GCs], Count, 69
[TOTAL_GC_TIME], Time(ms), 293
[TOTAL_GC_TIME_%], Time(%), 0.29278626602580116
[READ], Operations, 46684
[READ], AverageLatency(us), 30553.48339902322
[READ], MinLatency(us), 1196
[READ], MaxLatency(us), 202239
[READ], 50thPercentileLatency(us), 30207
[READ], 90thPercentileLatency(us), 51007
[READ], 95thPercentileLatency(us), 60191
[READ], 99thPercentileLatency(us), 83263
[READ], Return=OK, 46684
[CLEANUP], Operations, 20
[CLEANUP], AverageLatency(us), 0.55
[CLEANUP], MinLatency(us), 0
[CLEANUP], MaxLatency(us), 4
[CLEANUP], 50thPercentileLatency(us), 0
[CLEANUP], 90thPercentileLatency(us), 1
[CLEANUP], 95thPercentileLatency(us), 1
[CLEANUP], 99thPercentileLatency(us), 4
[INSERT], Operations, 13423
[INSERT], AverageLatency(us), 27910.340981896745
[INSERT], MinLatency(us), 2150
[INSERT], MaxLatency(us), 199807
[INSERT], 50thPercentileLatency(us), 27391
[INSERT], 90thPercentileLatency(us), 49151
[INSERT], 95thPercentileLatency(us), 59199
[INSERT], 99thPercentileLatency(us), 83263
[INSERT], Return=OK, 13423
[UPDATE], Operations, 6816
[UPDATE], AverageLatency(us), 27991.154049295776
[UPDATE], MinLatency(us), 2176
[UPDATE], MaxLatency(us), 189567
[UPDATE], 50thPercentileLatency(us), 27471
[UPDATE], 90thPercentileLatency(us), 49183
[UPDATE], 95thPercentileLatency(us), 59295
[UPDATE], 99thPercentileLatency(us), 81407
[UPDATE], Return=OK, 6816
