[OVERALL], RunTime(ms), 100107
[OVERALL], Throughput(ops/sec), 480.8355060085708
[TOTAL_GCS_G1_Young_Generation], Count, 57
[TOTAL_GC_TIME_G1_Young_Generation], Time(ms), 201
[TOTAL_GC_TIME_%_G1_Young_Generation], Time(%), 0.20078515987892956
[TOTAL_GCS_G1_Old_Generation], Count, 0
[TOTAL_GC_TIME_G1_Old_Generation], Time(ms), 0
[TOTAL_GC_TIME_%_G1_Old_Generation], Time(%), 0.0
[TOTAL_GCs], Count, 57
[TOTAL_GC_TIME], Time(ms), 201
[TOTAL_GC_TIME_%], Time(%), 0.20078515987892956
[READ], Operations, 48135
[READ], AverageLatency(us), 41397.168546795474
[READ], MinLatency(us), 1149
[READ], MaxLatency(us), 566271
[READ], 50thPercentileLatency(us), 39903
[READ], 90thPercentileLatency(us), 71551
[READ], 95thPercentileLatency(us), 88255
[READ], 99thPercentileLatency(us), 129727
[READ], Return=OK, 48135
[CLEANUP], Operations, 20
[CLEANUP], AverageLatency(us), 0.85
[CLEANUP], MinLatency(us), 0
[CLEANUP], MaxLatency(us), 7
[CLEANUP], 50thPercentileLatency(us), 0
[CLEANUP], 90thPercentileLatency(us), 1
[CLEANUP], 95thPercentileLatency(us), 4
[CLEANUP], 99thPercentileLatency(us), 7
