[OVERALL], RunTime(ms), 100086
[OVERALL], Throughput(ops/sec), 511.8498091641189
[TOTAL_GCS_G1_Young_Generation], Count, 61
[TOTAL_GC_TIME_G1_Young_Generation], Time(ms), 190
[TOTAL_GC_TIME_%_G1_Young_Generation], Time(%), 0.1898367404032532
[TOTAL_GCS_G1_Old_Generation], Count, 0
[TOTAL_GC_TIME_G1_Old_Generation], Time(ms), 0
[TOTAL_GC_TIME_%_G1_Old_Generation], Time(%), 0.0
[TOTAL_GCs], Count, 61
[TOTAL_GC_TIME], Time(ms), 190
[TOTAL_GC_TIME_%], Time(%), 0.1898367404032532
[READ], Operations, 51229
[READ], AverageLatency(us), 38890.807257607994
[READ], MinLatency(us), 1176
[READ], MaxLatency(us), 240383
[READ], 50thPercentileLatency(us), 38367
[READ], 90thPercentileLatency(us), 66687
[READ], 95thPercentileLatency(us), 79871
[READ], 99thPercentileLatency(us), 116031
[READ], Return=OK, 51229
[CLEANUP], Operations, 20
[CLEANUP], AverageLatency(us), 3.45
[CLEANUP], MinLatency(us), 0
[CLEANUP], MaxLatency(us), 50
[CLEANUP], 50thPercentileLatency(us), 1
[CLEANUP], 90thPercentileLatency(us), 4
[CLEANUP], 95thPercentileLatency(us), 6
[CLEANUP], 99thPercentileLatency(us), 50
