[OVERALL], RunTime(ms), 100102
[OVERALL], Throughput(ops/sec), 524.4051067910731
[TOTAL_GCS_G1_Young_Generation], Count, 62
[TOTAL_GC_TIME_G1_Young_Generation], Time(ms), 200
[TOTAL_GC_TIME_%_G1_Young_Generation], Time(%), 0.19979620786797467
[TOTAL_GCS_G1_Old_Generation], Count, 0
[TOTAL_GC_TIME_G1_Old_Generation], Time(ms), 0
[TOTAL_GC_TIME_%_G1_Old_Generation], Time(%), 0.0
[TOTAL_GCs], Count, 62
[TOTAL_GC_TIME], Time(ms), 200
[TOTAL_GC_TIME_%], Time(%), 0.19979620786797467
[READ], Operations, 52494
[READ], AverageLatency(us), 37960.629252866995
[READ], MinLatency(us), 1196
[READ], MaxLatency(us), 212735
[READ], 50thPercentileLatency(us), 37887
[READ], 90thPercentileLatency(us), 64415
[READ], 95thPercentileLatency(us), 77055
[READ], 99thPercentileLatency(us), 114303
[READ], Return=OK, 52494
[CLEANUP], Operations, 20
[CLEANUP], AverageLatency(us), 1.0
[CLEANUP], MinLatency(us), 0
[CLEANUP], MaxLatency(us), 4
[CLEANUP], 50thPercentileLatency(us), 1
[CLEANUP], 90thPercentileLatency(us), 2
[CLEANUP], 95thPercentileLatency(us), 2
[CLEANUP], 99thPercentileLatency(us), 4
