[OVERALL], RunTime(ms), 100086
[OVERALL], Throughput(ops/sec), 536.5885338608797
[TOTAL_GCS_G1_Young_Generation], Count, 57
[TOTAL_GC_TIME_G1_Young_Generation], Time(ms), 255
[TOTAL_GC_TIME_%_G1_Young_Generation], Time(%), 0.2547808884359451
[TOTAL_GCS_G1_Old_Generation], Count, 0
[TOTAL_GC_TIME_G1_Old_Generation], Time(ms), 0
[TOTAL_GC_TIME_%_G1_Old_Generation], Time(%), 0.0
[TOTAL_GCs], Count, 57
[TOTAL_GC_TIME], Time(ms), 255
[TOTAL_GC_TIME_%], Time(%), 0.2547808884359451
[READ], Operations, 53705
[READ], AverageLatency(us), 37087.81065077739
[READ], MinLatency(us), 1071
[READ], MaxLatency(us), 233471
[READ], 50thPercentileLatency(us), 37375
[READ], 90thPercentileLatency(us), 62527
[READ], 95thPercentileLatency(us), 74687
[READ], 99thPercentileLatency(us), 107839
[READ], Return=OK, 53705
[CLEANUP], Operations, 20
[CLEANUP], AverageLatency(us), 0.55
[CLEANUP], MinLatency(us), 0
[CLEANUP], MaxLatency(us), 4
[CLEANUP], 50thPercentileLatency(us), 0
[CLEANUP], 90thPercentileLatency(us), 1
[CLEANUP], 95thPercentileLatency(us), 1
[CLEANUP], 99thPercentileLatency(us), 4
