[OVERALL], RunTime(ms), 100104
[OVERALL], Throughput(ops/sec), 535.8826820107089
[TOTAL_GCS_G1_Young_Generation], Count, 68
[TOTAL_GC_TIME_G1_Young_Generation], Time(ms), 192
[TOTAL_GC_TIME_%_G1_Young_Generation], Time(%), 0.1918005274514505
[TOTAL_GCS_G1_Old_Generation], Count, 0
[TOTAL_GC_TIME_G1_Old_Generation], Time(ms), 0
[TOTAL_GC_TIME_%_G1_Old_Generation], Time(%), 0.0
[TOTAL_GCs], Count, 68
[TOTAL_GC_TIME], Time(ms), 192
[TOTAL_GC_TIME_%], Time(%), 0.1918005274514505
[READ], Operations, 53644
[READ], AverageLatency(us), 37146.66643054209
[READ], MinLatency(us), 1103
[READ], MaxLatency(us), 205055
[READ], 50thPercentileLatency(us), 37279
[READ], 90thPercentileLatency(us), 62655
[READ], 95thPercentileLatency(us), 74751
[READ], 99thPercentileLatency(us), 111935
[READ], Return=OK, 53644
[CLEANUP], Operations, 20
[CLEANUP], AverageLatency(us), 1.3
[CLEANUP], MinLatency(us), 0
[CLEANUP], MaxLatency(us), 15
[CLEANUP], 50thPercentileLatency(us), 0
[CLEANUP], 90thPercentileLatency(us), 2
[CLEANUP], 95thPercentileLatency(us), 2
[CLEANUP], 99thPercentileLatency(us), 15
