[OVERALL], RunTime(ms), 100087
[OVERALL], Throughput(ops/sec), 534.7547633558804
[TOTAL_GCS_G1_Young_Generation], Count, 68
[TOTAL_GC_TIME_G1_Young_Generation], Time(ms), 195
[TOTAL_GC_TIME_%_G1_Young_Generation], Time(%), 0.19483049746720352
[TOTAL_GCS_G1_Old_Generation], Count, 0
[TOTAL_GC_TIME_G1_Old_Generation], Time(ms), 0
[TOTAL_GC_TIME_%_G1_Old_Generation], Time(%), 0.0
[TOTAL_GCs], Count, 68
[TOTAL_GC_TIME], Time(ms), 195
[TOTAL_GC_TIME_%], Time(%), 0.19483049746720352
[READ], Operations, 53522
[READ], AverageLatency(us), 37230.37975038302
[READ], MinLatency(us), 1218
[READ], MaxLatency(us), 259071
[READ], 50thPercentileLatency(us), 37375
[READ], 90thPercentileLatency(us), 62559
[READ], 95thPercentileLatency(us), 75071
[READ], 99thPercentileLatency(us), 112703
[READ], Return=OK, 53522
[CLEANUP], Operations, 20
[CLEANUP], AverageLatency(us), 0.65
[CLEANUP], MinLatency(us), 0
[CLEANUP], MaxLatency(us), 4
[CLEANUP], 50thPercentileLatency(us), 0
[CLEANUP], 90thPercentileLatency(us), 1
[CLEANUP], 95thPercentileLatency(us), 2
[CLEANUP], 99thPercentileLatency(us), 4
