[OVERALL], RunTime(ms), 100063
[OVERALL], Throughput(ops/sec), 1414.1990545956048
[TOTAL_GCS_G1_Young_Generation], Count, 127
[TOTAL_GC_TIME_G1_Young_Generation], Time(ms), 390
[TOTAL_GC_TIME_%_G1_Young_Generation], Time(%), 0.3897544546935431
[TOTAL_GCS_G1_Old_Generation], Count, 0
[TOTAL_GC_TIME_G1_Old_Generation], Time(ms), 0
[TOTAL_GC_TIME_%_G1_Old_Generation], Time(%), 0.0
[TOTAL_GCs], Count, 127
[TOTAL_GC_TIME], Time(ms), 390
[TOTAL_GC_TIME_%], Time(%), 0.3897544546935431
[CLEANUP], Operations, 20
[CLEANUP], AverageLatency(us), 1.3
[CLEANUP], MinLatency(us), 0
[CLEANUP], MaxLatency(us), 6
[CLEANUP], 50thPercentileLatency(us), 1
[CLEANUP], 90thPercentileLatency(us), 1
[CLEANUP], 95thPercentileLatency(us), 5
[CLEANUP], 99thPercentileLatency(us), 6
[UPDATE], Operations, 141509
[UPDATE], AverageLatency(us), 14073.841692047856
[UPDATE], MinLatency(us), 2936
[UPDATE], MaxLatency(us), 159743
[UPDATE], 50thPercentileLatency(us), 12783
[UPDATE], 90thPercentileLatency(us), 18991
[UPDATE], 95thPercentileLatency(us), 22991
[UPDATE], 99thPercentileLatency(us), 52351
[UPDATE], Return=OK, 141509
