[OVERALL], RunTime(ms), 100053
[OVERALL], Throughput(ops/sec), 1393.1816137447154
[TOTAL_GCS_G1_Young_Generation], Count, 152
[TOTAL_GC_TIME_G1_Young_Generation], Time(ms), 354
[TOTAL_GC_TIME_%_G1_Young_Generation], Time(%), 0.35381247938592547
[TOTAL_GCS_G1_Old_Generation], Count, 0
[TOTAL_GC_TIME_G1_Old_Generation], Time(ms), 0
[TOTAL_GC_TIME_%_G1_Old_Generation], Time(%), 0.0
[TOTAL_GCs], Count, 152
[TOTAL_GC_TIME], Time(ms), 354
[TOTAL_GC_TIME_%], Time(%), 0.35381247938592547
[CLEANUP], Operations, 20
[CLEANUP], AverageLatency(us), 0.75
[CLEANUP], MinLatency(us), 0
[CLEANUP], MaxLatency(us), 3
[CLEANUP], 50thPercentileLatency(us), 1
[CLEANUP], 90thPercentileLatency(us), 1
[CLEANUP], 95thPercentileLatency(us), 1
[CLEANUP], 99thPercentileLatency(us), 3
[UPDATE], Operations, 139392
[UPDATE], AverageLatency(us), 14282.626571108816
[UPDATE], MinLatency(us), 3148
[UPDATE], MaxLatency(us), 144383
[UPDATE], 50thPercentileLatency(us), 12807
[UPDATE], 90thPercentileLatency(us), 19503
[UPDATE], 95thPercentileLatency(us), 24095
[UPDATE], 99thPercentileLatency(us), 57471
[UPDATE], Return=OK, 139392
