[OVERALL], RunTime(ms), 100101
[OVERALL], Throughput(ops/sec), 1399.5164883467698
[TOTAL_GCS_G1_Young_Generation], Count, 155
[TOTAL_GC_TIME_G1_Young_Generation], Time(ms), 388
[TOTAL_GC_TIME_%_G1_Young_Generation], Time(%), 0.3876085153994466
[TOTAL_GCS_G1_Old_Generation], Count, 0
[TOTAL_GC_TIME_G1_Old_Generation], Time(ms), 0
[TOTAL_GC_TIME_%_G1_Old_Generation], Time(%), 0.0
[TOTAL_GCs], Count, 155
[TOTAL_GC_TIME], Time(ms), 388
[TOTAL_GC_TIME_%], Time(%), 0.3876085153994466
[CLEANUP], Operations, 20
[CLEANUP], AverageLatency(us), 1.25
[CLEANUP], MinLatency(us), 0
[CLEANUP], MaxLatency(us), 10
[CLEANUP], 50thPercentileLatency(us), 1
[CLEANUP], 90thPercentileLatency(us), 1
[CLEANUP], 95thPercentileLatency(us), 2
[CLEANUP], 99thPercentileLatency(us), 10
[UPDATE], Operations, 140093
[UPDATE], AverageLatency(us), 14211.758717423425
[UPDATE], MinLatency(us), 3196
[UPDATE], MaxLatency(us), 151039
[UPDATE], 50thPercentileLatency(us), 12783
[UPDATE], 90thPercentileLatency(us), 19663
[UPDATE], 95thPercentileLatency(us), 24175
[UPDATE], 99thPercentileLatency(us), 55231
[UPDATE], Return=OK, 140093
