[OVERALL], RunTime(ms), 100091
[OVERALL], Throughput(ops/sec), 660.4589823260833
[TOTAL_GCS_G1_Young_Generation], Count, 63
[TOTAL_GC_TIME_G1_Young_Generation], Time(ms), 285
[TOTAL_GC_TIME_%_G1_Young_Generation], Time(%), 0.28474088579392753
[TOTAL_GCS_G1_Old_Generation], Count, 0
[TOTAL_GC_TIME_G1_Old_Generation], Time(ms), 0
[TOTAL_GC_TIME_%_G1_Old_Generation], Time(%), 0.0
[TOTAL_GCs], Count, 63
[TOTAL_GC_TIME], Time(ms), 285
[TOTAL_GC_TIME_%], Time(%), 0.28474088579392753
[READ], Operations, 66106
[READ], AverageLatency(us), 30123.25029498079
[READ], MinLatency(us), 1150
[READ], MaxLatency(us), 195967
[READ], 50thPercentileLatency(us), 29695
[READ], 90thPercentileLatency(us), 50687
[READ], 95thPercentileLatency(us), 60319
[READ], 99thPercentileLatency(us), 89663
[READ], Return=OK, 66106
[CLEANUP], Operations, 20
[CLEANUP], AverageLatency(us), 1.1
[CLEANUP], MinLatency(us), 0
[CLEANUP], MaxLatency(us), 4
[CLEANUP], 50thPercentileLatency(us), 1
[CLEANUP], 90thPercentileLatency(us), 1
[CLEANUP], 95thPercentileLatency(us), 2
[CLEANUP], 99thPercentileLatency(us), 4
