[OVERALL], RunTime(ms), 100076
[OVERALL], Throughput(ops/sec), 679.8932811063592
[TOTAL_GCS_G1_Young_Generation], Count, 83
[TOTAL_GC_TIME_G1_Young_Generation], Time(ms), 233
[TOTAL_GC_TIME_%_G1_Young_Generation], Time(%), 0.23282305447859625
[TOTAL_GCS_G1_Old_Generation], Count, 0
[TOTAL_GC_TIME_G1_Old_Generation], Time(ms), 0
[TOTAL_GC_TIME_%_G1_Old_Generation], Time(%), 0.0
[TOTAL_GCs], Count, 83
[TOTAL_GC_TIME], Time(ms), 233
[TOTAL_GC_TIME_%], Time(%), 0.23282305447859625
[READ], Operations, 68041
[READ], AverageLatency(us), 29273.707882012317
[READ], MinLatency(us), 1072
[READ], MaxLatency(us), 191359
[READ], 50thPercentileLatency(us), 28991
[READ], 90thPercentileLatency(us), 49279
[READ], 95thPercentileLatency(us), 58271
[READ], 99thPercentileLatency(us), 85247
[READ], Return=OK, 68041
[CLEANUP], Operations, 20
[CLEANUP], AverageLatency(us), 1.1
[CLEANUP], MinLatency(us), 0
[CLEANUP], MaxLatency(us), 8
[CLEANUP], 50thPercentileLatency(us), 1
[CLEANUP], 90thPercentileLatency(us), 1
[CLEANUP], 95thPercentileLatency(us), 1
[CLEANUP], 99thPercentileLatency(us), 8
