[OVERALL], RunTime(ms), 100096
[OVERALL], Throughput(ops/sec), 657.7285805626599
[TOTAL_GCS_G1_Young_Generation], Count, 73
[TOTAL_GC_TIME_G1_Young_Generation], Time(ms), 191
[TOTAL_GC_TIME_%_G1_Young_Generation], Time(%), 0.1908168158567775
[TOTAL_GCS_G1_Old_Generation], Count, 0
[TOTAL_GC_TIME_G1_Old_Generation], Time(ms), 0
[TOTAL_GC_TIME_%_G1_Old_Generation], Time(%), 0.0
[TOTAL_GCs], Count, 73
[TOTAL_GC_TIME], Time(ms), 191
[TOTAL_GC_TIME_%], Time(%), 0.1908168158567775
[READ], Operations, 65836
[READ], AverageLatency(us), 30262.673749924055
[READ], MinLatency(us), 1110
[READ], MaxLatency(us), 197759
[READ], 50thPercentileLatency(us), 29743
[READ], 90thPercentileLatency(us), 51039
[READ], 95thPercentileLatency(us), 60799
[READ], 99thPercentileLatency(us), 91775
[READ], Return=OK, 65836
[CLEANUP], Operations, 20
[CLEANUP], AverageLatency(us), 0.85
[CLEANUP], MinLatency(us), 0
[CLEANUP], MaxLatency(us), 4
[CLEANUP], 50thPercentileLatency(us), 1
[CLEANUP], 90thPercentileLatency(us), 1
[CLEANUP], 95thPercentileLatency(us), 1
[CLEANUP], 99thPercentileLatency(us), 4
